
******************************************************************************
This program contains Ipopt, a library for large-scale nonlinear optimization.
 Ipopt is released as open source code under the Common Public License (CPL).
         For more information visit http://projects.coin-or.org/Ipopt
******************************************************************************

Number of nonzeros in equality constraint Jacobian...:        4
Number of nonzeros in inequality constraint Jacobian.:        4
Number of nonzeros in Lagrangian Hessian.............:       10

Total number of variables............................:        4
                     variables with only lower bounds:        0
                variables with lower and upper bounds:        4
                     variables with only upper bounds:        0
Total number of equality constraints.................:        1
Total number of inequality constraints...............:        1
        inequality constraints with only lower bounds:        1
   inequality constraints with lower and upper bounds:        0
        inequality constraints with only upper bounds:        0

iter    objective    inf_pr   inf_du lg(mu)  ||d||  lg(rg) alpha_du alpha_pr  ls
   0 1.6109693e+001 1.12e+001 5.28e-001   0.0 0.00e+000    -  0.00e+000 0.00e+000   0
   1 1.7410406e+001 8.38e-001 2.25e+001  -0.3 7.97e-001    -  3.19e-001 1.00e+000f  1
   2 1.8001613e+001 1.06e-002 4.96e+000  -0.3 5.60e-002   2.0 9.97e-001 1.00e+000h  1
   3 1.7199482e+001 9.04e-002 4.24e-001  -1.0 9.91e-001    -  9.98e-001 1.00e+000f  1
   4 1.6940955e+001 2.09e-001 4.58e-002  -1.4 2.88e-001    -  9.66e-001 1.00e+000h  1
   5 1.7003411e+001 2.29e-002 8.42e-003  -2.9 7.03e-002    -  9.68e-001 1.00e+000h  1
   6 1.7013974e+001 2.59e-004 8.65e-005  -4.5 6.22e-003    -  1.00e+000 1.00e+000h  1
   7 1.7014017e+001 2.88e-007 2.18e-007 -10.3 1.43e-004    -  9.99e-001 1.00e+000h  1
   8 1.7014017e+001 1.10e-013 2.29e-014 -11.0 1.04e-007    -  1.00e+000 1.00e+000h  1

Number of Iterations....: 8

                                   (scaled)                 (unscaled)
Objective...............:  1.7014017140224134e+001   1.7014017140224134e+001
Dual infeasibility......:  2.2928101314633036e-014   2.2928101314633036e-014
Constraint violation....:  2.1316282072803006e-014   2.1316282072803006e-014
Complementarity.........:  1.0023967333275279e-011   1.0023967333275279e-011
Overall NLP error.......:  1.0023967333275279e-011   1.0023967333275279e-011


Number of objective function evaluations             = 9
Number of objective gradient evaluations             = 9
Number of equality constraint evaluations            = 9
Number of inequality constraint evaluations          = 9
Number of equality constraint Jacobian evaluations   = 9
Number of inequality constraint Jacobian evaluations = 9
Number of Lagrangian Hessian evaluations             = 8
Total CPU secs in IPOPT (w/o function evaluations)   =      0.032
Total CPU secs in NLP function evaluations           =      0.000

EXIT: Optimal Solution Found.
